<?xml version="1.0" encoding="UTF-8"?>
<testng-results ignored="0" total="1" passed="1" failed="0" skipped="0">
  <reporter-output>
  </reporter-output>
  <suite started-at="2025-03-29T14:25:10 IST" name="Suite" finished-at="2025-03-29T14:25:10 IST" duration-ms="424">
    <groups>
    </groups>
    <test started-at="2025-03-29T14:25:10 IST" name="Test" finished-at="2025-03-29T14:25:10 IST" duration-ms="424">
      <class name="com.tests.SearchBoxTest">
        <test-method is-config="true" signature="initialise()[pri:0, instance:com.tests.SearchBoxTest@29626d54]" started-at="2025-03-29T14:24:53 IST" name="initialise" finished-at="2025-03-29T14:25:10 IST" duration-ms="17376" status="PASS">
          <reporter-output>
          </reporter-output>
        </test-method> <!-- initialise -->
        <test-method signature="seachBoxTest()[pri:0, instance:com.tests.SearchBoxTest@29626d54]" started-at="2025-03-29T14:25:10 IST" name="seachBoxTest" finished-at="2025-03-29T14:25:10 IST" duration-ms="317" status="PASS">
          <reporter-output>
          </reporter-output>
        </test-method> <!-- seachBoxTest -->
        <test-method is-config="true" signature="tearDown()[pri:0, instance:com.tests.SearchBoxTest@29626d54]" started-at="2025-03-29T14:25:10 IST" name="tearDown" finished-at="2025-03-29T14:25:13 IST" duration-ms="2335" status="PASS">
          <reporter-output>
          </reporter-output>
        </test-method> <!-- tearDown -->
      </class> <!-- com.tests.SearchBoxTest -->
    </test> <!-- Test -->
  </suite> <!-- Suite -->
</testng-results>
