<?xml version="1.0" encoding="UTF-8"?>
<testng-results ignored="0" total="1" passed="1" failed="0" skipped="0">
  <reporter-output>
  </reporter-output>
  <suite started-at="2025-03-29T16:59:06 IST" name="Suite" finished-at="2025-03-29T16:59:20 IST" duration-ms="14123">
    <groups>
    </groups>
    <test started-at="2025-03-29T16:59:06 IST" name="Test" finished-at="2025-03-29T16:59:20 IST" duration-ms="14123">
      <class name="com.tests.SearchBoxTest">
        <test-method is-config="true" signature="initialise()[pri:0, instance:com.tests.SearchBoxTest@29626d54]" started-at="2025-03-29T16:58:43 IST" name="initialise" finished-at="2025-03-29T16:59:06 IST" duration-ms="22743" status="PASS">
          <reporter-output>
          </reporter-output>
        </test-method> <!-- initialise -->
        <test-method signature="seachBoxTestEx()[pri:0, instance:com.tests.SearchBoxTest@29626d54]" started-at="2025-03-29T16:59:06 IST" name="seachBoxTestEx" finished-at="2025-03-29T16:59:20 IST" duration-ms="14014" status="PASS">
          <reporter-output>
          </reporter-output>
        </test-method> <!-- seachBoxTestEx -->
        <test-method is-config="true" signature="tearDown()[pri:0, instance:com.tests.SearchBoxTest@29626d54]" started-at="2025-03-29T16:59:20 IST" name="tearDown" finished-at="2025-03-29T16:59:22 IST" duration-ms="1427" status="PASS">
          <reporter-output>
          </reporter-output>
        </test-method> <!-- tearDown -->
      </class> <!-- com.tests.SearchBoxTest -->
    </test> <!-- Test -->
  </suite> <!-- Suite -->
</testng-results>
